<?xml version="1.0" encoding="UTF-8"?>
<!-- Generated by org.testng.reporters.JUnitReportReporter -->
<testsuite hostname="DESKTOP-81IORNB" failures="0" tests="1" name="orgtest.CreateOrganisationTest" time="402.375" errors="0" timestamp="2024-06-07T15:14:10 IST" skipped="0">
  <testcase classname="orgtest.CreateOrganisationTest" name="CreateOrganisation" time="402.375"/>
  <system-out/>
</testsuite> <!-- orgtest.CreateOrganisationTest -->
