<?xml version="1.0" encoding="UTF-8"?>
<!-- Generated by org.testng.reporters.JUnitReportReporter -->
<testsuite hostname="DESKTOP-81IORNB" failures="0" tests="1" name="com.comcast.crm.orgtest.CreateOrganisationTest" time="123.270" errors="0" timestamp="2024-06-17T11:12:36 IST" skipped="0">
  <testcase classname="com.comcast.crm.orgtest.CreateOrganisationTest" name="CreateOrganisationWithPhone" time="123.270"/>
  <system-out/>
</testsuite> <!-- com.comcast.crm.orgtest.CreateOrganisationTest -->
